  [1m[35m (2.8ms)[0m  [1m[34mSELECT sqlite_version(*)[0m
  [1m[35m (1.5ms)[0m  [1m[35mCREATE TABLE "schema_migrations" ("version" varchar NOT NULL PRIMARY KEY)[0m
  [1m[35m (1.7ms)[0m  [1m[35mCREATE TABLE "ar_internal_metadata" ("key" varchar NOT NULL PRIMARY KEY, "value" varchar, "created_at" datetime(6) NOT NULL, "updated_at" datetime(6) NOT NULL)[0m
  [1m[36mActiveRecord::SchemaMigration Pluck (0.2ms)[0m  [1m[34mSELECT "schema_migrations"."version" FROM "schema_migrations" ORDER BY "schema_migrations"."version" ASC[0m
Migrating to CreateCategories (20220213073946)
  [1m[36mTRANSACTION (0.1ms)[0m  [1m[36mbegin transaction[0m
  [1m[35m (0.7ms)[0m  [1m[35mCREATE TABLE "categories" ("id" integer PRIMARY KEY AUTOINCREMENT NOT NULL, "name" varchar, "created_at" datetime(6) NOT NULL, "updated_at" datetime(6) NOT NULL)[0m
  [1m[36mActiveRecord::SchemaMigration Create (0.2ms)[0m  [1m[32mINSERT INTO "schema_migrations" ("version") VALUES (?)[0m  [["version", "20220213073946"]]
  [1m[36mTRANSACTION (1.1ms)[0m  [1m[36mcommit transaction[0m
  [1m[36mActiveRecord::InternalMetadata Load (0.2ms)[0m  [1m[34mSELECT "ar_internal_metadata".* FROM "ar_internal_metadata" WHERE "ar_internal_metadata"."key" = ? LIMIT ?[0m  [["key", "environment"], ["LIMIT", 1]]
  [1m[36mTRANSACTION (0.1ms)[0m  [1m[36mbegin transaction[0m
  [1m[36mActiveRecord::InternalMetadata Create (0.5ms)[0m  [1m[32mINSERT INTO "ar_internal_metadata" ("key", "value", "created_at", "updated_at") VALUES (?, ?, ?, ?)[0m  [["key", "environment"], ["value", "development"], ["created_at", "2022-02-13 07:40:00.138703"], ["updated_at", "2022-02-13 07:40:00.138703"]]
  [1m[36mTRANSACTION (1.2ms)[0m  [1m[36mcommit transaction[0m
  [1m[35m (0.1ms)[0m  [1m[34mSELECT sqlite_version(*)[0m
  [1m[36mActiveRecord::SchemaMigration Pluck (0.3ms)[0m  [1m[34mSELECT "schema_migrations"."version" FROM "schema_migrations" ORDER BY "schema_migrations"."version" ASC[0m
  [1m[35m (1.5ms)[0m  [1m[34mSELECT sqlite_version(*)[0m
  [1m[35m (2.0ms)[0m  [1m[34mSELECT sqlite_version(*)[0m
  [1m[36mActiveRecord::SchemaMigration Pluck (0.2ms)[0m  [1m[34mSELECT "schema_migrations"."version" FROM "schema_migrations" ORDER BY "schema_migrations"."version" ASC[0m
Migrating to CreateImages (20220213074325)
  [1m[36mTRANSACTION (0.1ms)[0m  [1m[36mbegin transaction[0m
  [1m[35m (0.6ms)[0m  [1m[35mCREATE TABLE "images" ("id" integer PRIMARY KEY AUTOINCREMENT NOT NULL, "image" varchar, "image_title" varchar, "image_file_size" varchar, "image_content_type" varchar, "image_description" varchar, "category_id" integer, "created_at" datetime(6) NOT NULL, "updated_at" datetime(6) NOT NULL)[0m
  [1m[36mActiveRecord::SchemaMigration Create (0.2ms)[0m  [1m[32mINSERT INTO "schema_migrations" ("version") VALUES (?)[0m  [["version", "20220213074325"]]
  [1m[36mTRANSACTION (1.0ms)[0m  [1m[36mcommit transaction[0m
  [1m[36mActiveRecord::InternalMetadata Load (0.3ms)[0m  [1m[34mSELECT "ar_internal_metadata".* FROM "ar_internal_metadata" WHERE "ar_internal_metadata"."key" = ? LIMIT ?[0m  [["key", "environment"], ["LIMIT", 1]]
  [1m[35m (0.1ms)[0m  [1m[34mSELECT sqlite_version(*)[0m
  [1m[36mActiveRecord::SchemaMigration Pluck (0.1ms)[0m  [1m[34mSELECT "schema_migrations"."version" FROM "schema_migrations" ORDER BY "schema_migrations"."version" ASC[0m
  [1m[35m (0.7ms)[0m  [1m[34mSELECT sqlite_version(*)[0m
Started GET "/" for 127.0.0.1 at 2022-02-13 09:50:32 +0200
  [1m[35m (0.9ms)[0m  [1m[34mSELECT sqlite_version(*)[0m
  [1m[36mActiveRecord::SchemaMigration Pluck (0.2ms)[0m  [1m[34mSELECT "schema_migrations"."version" FROM "schema_migrations" ORDER BY "schema_migrations"."version" ASC[0m
Processing by ImagesController#index as HTML
  Rendering layout layouts/application.html.erb
  Rendering images/index.html.erb within layouts/application
  Rendered images/index.html.erb within layouts/application (Duration: 2.8ms | Allocations: 559)
  Rendered layout layouts/application.html.erb (Duration: 5118.8ms | Allocations: 87593)
Completed 500 Internal Server Error in 5148ms (ActiveRecord: 0.0ms | Allocations: 94623)


  
ActionView::Template::Error (undefined method `start_with?' for /bootstrap\/glyphicons-halflings-regular\.(?:eot|svg|ttf|woff)$/:Regexp):
  
sprockets (4.0.2) lib/sprockets/uri_utils.rb:78:in `valid_asset_uri?'
sprockets (4.0.2) lib/sprockets/resolve.rb:27:in `resolve'
sprockets (4.0.2) lib/sprockets/base.rb:79:in `find_asset'
sprockets (4.0.2) lib/sprockets/base.rb:88:in `find_all_linked_assets'
sprockets (4.0.2) lib/sprockets/manifest.rb:125:in `block (2 levels) in find'
concurrent-ruby (1.1.9) lib/concurrent-ruby/concurrent/executor/safe_task_executor.rb:24:in `block in execute'
concurrent-ruby (1.1.9) lib/concurrent-ruby/concurrent/synchronization/mutex_lockable_object.rb:47:in `block in synchronize'
concurrent-ruby (1.1.9) lib/concurrent-ruby/concurrent/synchronization/mutex_lockable_object.rb:47:in `synchronize'
concurrent-ruby (1.1.9) lib/concurrent-ruby/concurrent/synchronization/mutex_lockable_object.rb:47:in `synchronize'
concurrent-ruby (1.1.9) lib/concurrent-ruby/concurrent/executor/safe_task_executor.rb:19:in `execute'
concurrent-ruby (1.1.9) lib/concurrent-ruby/concurrent/promise.rb:564:in `block in realize'
concurrent-ruby (1.1.9) lib/concurrent-ruby/concurrent/executor/ruby_thread_pool_executor.rb:363:in `run_task'
concurrent-ruby (1.1.9) lib/concurrent-ruby/concurrent/executor/ruby_thread_pool_executor.rb:352:in `block (3 levels) in create_worker'
concurrent-ruby (1.1.9) lib/concurrent-ruby/concurrent/executor/ruby_thread_pool_executor.rb:335:in `loop'
concurrent-ruby (1.1.9) lib/concurrent-ruby/concurrent/executor/ruby_thread_pool_executor.rb:335:in `block (2 levels) in create_worker'
concurrent-ruby (1.1.9) lib/concurrent-ruby/concurrent/executor/ruby_thread_pool_executor.rb:334:in `catch'
concurrent-ruby (1.1.9) lib/concurrent-ruby/concurrent/executor/ruby_thread_pool_executor.rb:334:in `block in create_worker'
Started GET "/" for 127.0.0.1 at 2022-02-13 09:57:34 +0200
Processing by ImagesController#index as HTML
  Rendering layout layouts/application.html.erb
  Rendering images/index.html.erb within layouts/application
  Rendered images/index.html.erb within layouts/application (Duration: 0.1ms | Allocations: 15)
  Rendered layout layouts/application.html.erb (Duration: 32.6ms | Allocations: 15918)
Completed 500 Internal Server Error in 36ms (Allocations: 16246)


  
ActionView::Template::Error (undefined method `start_with?' for /bootstrap\/glyphicons-halflings-regular\.(?:eot|svg|ttf|woff)$/:Regexp):
  
sprockets (4.0.2) lib/sprockets/uri_utils.rb:78:in `valid_asset_uri?'
sprockets (4.0.2) lib/sprockets/resolve.rb:27:in `resolve'
sprockets (4.0.2) lib/sprockets/base.rb:79:in `find_asset'
sprockets (4.0.2) lib/sprockets/base.rb:88:in `find_all_linked_assets'
sprockets (4.0.2) lib/sprockets/manifest.rb:125:in `block (2 levels) in find'
concurrent-ruby (1.1.9) lib/concurrent-ruby/concurrent/executor/safe_task_executor.rb:24:in `block in execute'
concurrent-ruby (1.1.9) lib/concurrent-ruby/concurrent/synchronization/mutex_lockable_object.rb:47:in `block in synchronize'
concurrent-ruby (1.1.9) lib/concurrent-ruby/concurrent/synchronization/mutex_lockable_object.rb:47:in `synchronize'
concurrent-ruby (1.1.9) lib/concurrent-ruby/concurrent/synchronization/mutex_lockable_object.rb:47:in `synchronize'
concurrent-ruby (1.1.9) lib/concurrent-ruby/concurrent/executor/safe_task_executor.rb:19:in `execute'
concurrent-ruby (1.1.9) lib/concurrent-ruby/concurrent/promise.rb:564:in `block in realize'
concurrent-ruby (1.1.9) lib/concurrent-ruby/concurrent/executor/ruby_thread_pool_executor.rb:363:in `run_task'
concurrent-ruby (1.1.9) lib/concurrent-ruby/concurrent/executor/ruby_thread_pool_executor.rb:352:in `block (3 levels) in create_worker'
concurrent-ruby (1.1.9) lib/concurrent-ruby/concurrent/executor/ruby_thread_pool_executor.rb:335:in `loop'
concurrent-ruby (1.1.9) lib/concurrent-ruby/concurrent/executor/ruby_thread_pool_executor.rb:335:in `block (2 levels) in create_worker'
concurrent-ruby (1.1.9) lib/concurrent-ruby/concurrent/executor/ruby_thread_pool_executor.rb:334:in `catch'
concurrent-ruby (1.1.9) lib/concurrent-ruby/concurrent/executor/ruby_thread_pool_executor.rb:334:in `block in create_worker'
Started POST "/__web_console/repl_sessions/c805fc581c2cb13c6910388c0a546ad7/trace" for 127.0.0.1 at 2022-02-13 09:59:35 +0200
Started GET "/" for 127.0.0.1 at 2022-02-13 11:36:35 +0200
  [1m[35m (1.0ms)[0m  [1m[34mSELECT sqlite_version(*)[0m
  [1m[36mActiveRecord::SchemaMigration Pluck (0.2ms)[0m  [1m[34mSELECT "schema_migrations"."version" FROM "schema_migrations" ORDER BY "schema_migrations"."version" ASC[0m
Processing by ImagesController#index as HTML
  Rendering layout layouts/application.html.erb
  Rendering images/index.html.erb within layouts/application
  Rendered images/index.html.erb within layouts/application (Duration: 1.5ms | Allocations: 451)
  Rendered layout layouts/application.html.erb (Duration: 3253.7ms | Allocations: 30310)
Completed 500 Internal Server Error in 3275ms (ActiveRecord: 0.0ms | Allocations: 36245)


  
ActionView::Template::Error (undefined method `start_with?' for /bootstrap\/glyphicons-halflings-regular\.(?:eot|svg|ttf|woff)$/:Regexp):
  
sprockets (4.0.2) lib/sprockets/uri_utils.rb:78:in `valid_asset_uri?'
sprockets (4.0.2) lib/sprockets/resolve.rb:27:in `resolve'
sprockets (4.0.2) lib/sprockets/base.rb:79:in `find_asset'
sprockets (4.0.2) lib/sprockets/base.rb:88:in `find_all_linked_assets'
sprockets (4.0.2) lib/sprockets/manifest.rb:125:in `block (2 levels) in find'
concurrent-ruby (1.1.9) lib/concurrent-ruby/concurrent/executor/safe_task_executor.rb:24:in `block in execute'
concurrent-ruby (1.1.9) lib/concurrent-ruby/concurrent/synchronization/mutex_lockable_object.rb:47:in `block in synchronize'
concurrent-ruby (1.1.9) lib/concurrent-ruby/concurrent/synchronization/mutex_lockable_object.rb:47:in `synchronize'
concurrent-ruby (1.1.9) lib/concurrent-ruby/concurrent/synchronization/mutex_lockable_object.rb:47:in `synchronize'
concurrent-ruby (1.1.9) lib/concurrent-ruby/concurrent/executor/safe_task_executor.rb:19:in `execute'
concurrent-ruby (1.1.9) lib/concurrent-ruby/concurrent/promise.rb:564:in `block in realize'
concurrent-ruby (1.1.9) lib/concurrent-ruby/concurrent/executor/ruby_thread_pool_executor.rb:363:in `run_task'
concurrent-ruby (1.1.9) lib/concurrent-ruby/concurrent/executor/ruby_thread_pool_executor.rb:352:in `block (3 levels) in create_worker'
concurrent-ruby (1.1.9) lib/concurrent-ruby/concurrent/executor/ruby_thread_pool_executor.rb:335:in `loop'
concurrent-ruby (1.1.9) lib/concurrent-ruby/concurrent/executor/ruby_thread_pool_executor.rb:335:in `block (2 levels) in create_worker'
concurrent-ruby (1.1.9) lib/concurrent-ruby/concurrent/executor/ruby_thread_pool_executor.rb:334:in `catch'
concurrent-ruby (1.1.9) lib/concurrent-ruby/concurrent/executor/ruby_thread_pool_executor.rb:334:in `block in create_worker'
Started GET "/" for 127.0.0.1 at 2022-02-13 11:45:01 +0200
  [1m[35m (2.6ms)[0m  [1m[34mSELECT sqlite_version(*)[0m
  [1m[36mActiveRecord::SchemaMigration Pluck (0.4ms)[0m  [1m[34mSELECT "schema_migrations"."version" FROM "schema_migrations" ORDER BY "schema_migrations"."version" ASC[0m
Processing by ImagesController#index as HTML
  Rendering layout layouts/application.html.erb
  Rendering images/index.html.erb within layouts/application
  Rendered images/index.html.erb within layouts/application (Duration: 2.4ms | Allocations: 451)
  Rendered layout layouts/application.html.erb (Duration: 4765.2ms | Allocations: 107537)
Completed 200 OK in 4785ms (Views: 4770.9ms | ActiveRecord: 0.0ms | Allocations: 113419)


Started GET "/upload" for 127.0.0.1 at 2022-02-13 11:46:12 +0200
Processing by ImagesController#new as HTML
  Rendering layout layouts/application.html.erb
  Rendering images/new.html.erb within layouts/application
  Rendered images/new.html.erb within layouts/application (Duration: 1.5ms | Allocations: 148)
  Rendered layout layouts/application.html.erb (Duration: 25.4ms | Allocations: 2546)
Completed 200 OK in 37ms (Views: 27.8ms | ActiveRecord: 0.0ms | Allocations: 3015)


Started GET "/upload" for 127.0.0.1 at 2022-02-14 13:33:35 +0200
Processing by ImagesController#new as HTML
  Rendering layout layouts/application.html.erb
  Rendering images/new.html.erb within layouts/application
  Rendered images/new.html.erb within layouts/application (Duration: 0.4ms | Allocations: 15)
  Rendered layout layouts/application.html.erb (Duration: 20.3ms | Allocations: 2308)
Completed 200 OK in 28ms (Views: 23.0ms | Allocations: 2632)


Started GET "/upload" for 127.0.0.1 at 2022-02-14 13:46:13 +0200
Processing by ImagesController#new as HTML
  Rendering layout layouts/application.html.erb
  Rendering images/new.html.erb within layouts/application
  Rendered images/new.html.erb within layouts/application (Duration: 0.1ms | Allocations: 15)
  Rendered layout layouts/application.html.erb (Duration: 6.3ms | Allocations: 2327)
Completed 200 OK in 9ms (Views: 7.1ms | Allocations: 2654)


Started GET "/upload" for 127.0.0.1 at 2022-02-14 13:56:32 +0200
Processing by ImagesController#new as HTML
  Rendering layout layouts/application.html.erb
  Rendering images/new.html.erb within layouts/application
  Rendered images/new.html.erb within layouts/application (Duration: 0.1ms | Allocations: 15)
  Rendered layout layouts/application.html.erb (Duration: 7.1ms | Allocations: 2317)
Completed 200 OK in 9ms (Views: 7.8ms | Allocations: 2643)


Started GET "/" for 127.0.0.1 at 2022-02-14 19:00:02 +0200
  [1m[35m (1.8ms)[0m  [1m[34mSELECT sqlite_version(*)[0m
  [1m[36mActiveRecord::SchemaMigration Pluck (0.4ms)[0m  [1m[34mSELECT "schema_migrations"."version" FROM "schema_migrations" ORDER BY "schema_migrations"."version" ASC[0m
Processing by ImagesController#index as HTML
  Rendering layout layouts/application.html.erb
  Rendering images/index.html.erb within layouts/application
  Rendered images/index.html.erb within layouts/application (Duration: 7.0ms | Allocations: 451)
  Rendered layout layouts/application.html.erb (Duration: 6000.6ms | Allocations: 112691)
Completed 200 OK in 6058ms (Views: 6021.6ms | ActiveRecord: 0.0ms | Allocations: 118572)


Started GET "/" for 127.0.0.1 at 2022-02-14 19:04:06 +0200
Processing by ImagesController#index as HTML
  Rendering layout layouts/application.html.erb
  Rendering images/index.html.erb within layouts/application
  Rendered images/index.html.erb within layouts/application (Duration: 0.1ms | Allocations: 17)
  Rendered layout layouts/application.html.erb (Duration: 9.8ms | Allocations: 6265)
Completed 200 OK in 12ms (Views: 10.5ms | ActiveRecord: 0.0ms | Allocations: 6655)


Started GET "/" for 127.0.0.1 at 2022-02-14 20:16:28 +0200
Processing by ImagesController#index as HTML
  Rendering layout layouts/application.html.erb
  Rendering images/index.html.erb within layouts/application
  Rendered images/index.html.erb within layouts/application (Duration: 2.7ms | Allocations: 682)
  Rendered layout layouts/application.html.erb (Duration: 47.3ms | Allocations: 7416)
Completed 200 OK in 56ms (Views: 51.8ms | Allocations: 8592)


Started GET "/img/img1.jpeg" for 127.0.0.1 at 2022-02-14 20:16:28 +0200
Started GET "/img/img2.jpeg" for 127.0.0.1 at 2022-02-14 20:16:28 +0200
Started GET "/img/img3.jpeg" for 127.0.0.1 at 2022-02-14 20:16:28 +0200
  
ActionController::RoutingError (No route matches [GET] "/img/img1.jpeg"):
  
  
ActionController::RoutingError (No route matches [GET] "/img/img2.jpeg"):
  
  
ActionController::RoutingError (No route matches [GET] "/img/img3.jpeg"):
  
Started GET "/img/img4.jpeg" for 127.0.0.1 at 2022-02-14 20:16:28 +0200
  
ActionController::RoutingError (No route matches [GET] "/img/img4.jpeg"):
  
Started GET "/" for 127.0.0.1 at 2022-02-14 20:16:30 +0200
Processing by ImagesController#index as HTML
  Rendering layout layouts/application.html.erb
  Rendering images/index.html.erb within layouts/application
  Rendered images/index.html.erb within layouts/application (Duration: 0.1ms | Allocations: 15)
  Rendered layout layouts/application.html.erb (Duration: 10.5ms | Allocations: 6350)
Completed 200 OK in 12ms (Views: 11.2ms | Allocations: 6707)


Started GET "/img/img1.jpeg" for 127.0.0.1 at 2022-02-14 20:16:30 +0200
Started GET "/img/img2.jpeg" for 127.0.0.1 at 2022-02-14 20:16:30 +0200
Started GET "/img/img3.jpeg" for 127.0.0.1 at 2022-02-14 20:16:30 +0200
  
ActionController::RoutingError (No route matches [GET] "/img/img1.jpeg"):
  
  
ActionController::RoutingError (No route matches [GET] "/img/img2.jpeg"):
  
Started GET "/img/img4.jpeg" for 127.0.0.1 at 2022-02-14 20:16:30 +0200
  
ActionController::RoutingError (No route matches [GET] "/img/img3.jpeg"):
  
  
ActionController::RoutingError (No route matches [GET] "/img/img4.jpeg"):
  
  [1m[35m (1.8ms)[0m  [1m[34mSELECT sqlite_version(*)[0m
  [1m[36mCategory Load (0.7ms)[0m  [1m[34mSELECT "categories".* FROM "categories"[0m
  [1m[36mCategory Delete All (5.2ms)[0m  [1m[31mDELETE FROM "categories"[0m
  [1m[36mCategory Load (0.1ms)[0m  [1m[34mSELECT "categories".* FROM "categories"[0m
  [1m[36mCategory Load (0.1ms)[0m  [1m[34mSELECT "categories".* FROM "categories"[0m
  [1m[36mTRANSACTION (0.1ms)[0m  [1m[36mbegin transaction[0m
  [1m[36mCategory Create (2.4ms)[0m  [1m[32mINSERT INTO "categories" ("name", "created_at", "updated_at") VALUES (?, ?, ?)[0m  [["name", "Category One"], ["created_at", "2022-02-14 18:31:13.781227"], ["updated_at", "2022-02-14 18:31:13.781227"]]
  [1m[36mTRANSACTION (1.2ms)[0m  [1m[36mcommit transaction[0m
  [1m[36mCategory Load (0.2ms)[0m  [1m[34mSELECT "categories".* FROM "categories"[0m
  [1m[36mTRANSACTION (0.1ms)[0m  [1m[36mbegin transaction[0m
  [1m[36mCategory Create (0.5ms)[0m  [1m[32mINSERT INTO "categories" ("name", "created_at", "updated_at") VALUES (?, ?, ?)[0m  [["name", "Category Two"], ["created_at", "2022-02-14 18:31:52.878146"], ["updated_at", "2022-02-14 18:31:52.878146"]]
  [1m[36mTRANSACTION (1.5ms)[0m  [1m[36mcommit transaction[0m
Started GET "/" for 127.0.0.1 at 2022-02-14 20:34:06 +0200
Processing by ImagesController#index as HTML
  Rendering layout layouts/application.html.erb
  Rendering images/index.html.erb within layouts/application
  Rendered images/index.html.erb within layouts/application (Duration: 1.8ms | Allocations: 676)
  Rendered layout layouts/application.html.erb (Duration: 22.0ms | Allocations: 11830)
Completed 500 Internal Server Error in 28ms (Allocations: 12945)


  
ActionView::Template::Error (undefined method `to' for #<ActionView::Base:0x0000000000e948>
Did you mean?  t):
    25:         </div>
    26:         <div id="navbar" class="collapse navbar-collapse">
    27:           <ul class="nav navbar-nav">
    28:             <li><%= link to "Home", root_path %></li>
    29:             <% @categoryNav.each do |category| %>
    30:               <li><% link_to category.name, category_path(category.id) %> </li>
    31:             <% end %>
  
app/views/layouts/application.html.erb:28
Started GET "/" for 127.0.0.1 at 2022-02-14 20:35:30 +0200
  
SyntaxError (/Users/me/Documents/ruby/gallery/app/app/controllers/application_controller.rb:2: syntax error, unexpected ':', expecting `end'
	before_filter: getCategoryNav
	             ^
):
  
app/controllers/application_controller.rb:2: syntax error, unexpected ':', expecting `end'
app/controllers/application_controller.rb:2: syntax error, unexpected ':', expecting `end'
app/controllers/application_controller.rb:2: syntax error, unexpected ':', expecting `end'
app/controllers/images_controller.rb:1:in `<main>'
Started GET "/" for 127.0.0.1 at 2022-02-14 20:35:31 +0200
  
SyntaxError (/Users/me/Documents/ruby/gallery/app/app/controllers/application_controller.rb:2: syntax error, unexpected ':', expecting `end'
	before_filter: getCategoryNav
	             ^
):
  
app/controllers/application_controller.rb:2: syntax error, unexpected ':', expecting `end'
app/controllers/application_controller.rb:2: syntax error, unexpected ':', expecting `end'
app/controllers/application_controller.rb:2: syntax error, unexpected ':', expecting `end'
app/controllers/images_controller.rb:1:in `<main>'
Started GET "/" for 127.0.0.1 at 2022-02-14 20:35:32 +0200
  
SyntaxError (/Users/me/Documents/ruby/gallery/app/app/controllers/application_controller.rb:2: syntax error, unexpected ':', expecting `end'
	before_filter: getCategoryNav
	             ^
):
  
app/controllers/application_controller.rb:2: syntax error, unexpected ':', expecting `end'
app/controllers/application_controller.rb:2: syntax error, unexpected ':', expecting `end'
app/controllers/application_controller.rb:2: syntax error, unexpected ':', expecting `end'
app/controllers/images_controller.rb:1:in `<main>'
Started GET "/" for 127.0.0.1 at 2022-02-14 20:35:58 +0200
  
NoMethodError (undefined method `before_filter' for ApplicationController:Class
Did you mean?  before_action):
  
app/controllers/application_controller.rb:2:in `<class:ApplicationController>'
app/controllers/application_controller.rb:1:in `<main>'
app/controllers/images_controller.rb:1:in `<main>'
Started GET "/" for 127.0.0.1 at 2022-02-14 20:36:56 +0200
Processing by ImagesController#index as HTML
  Rendering layout layouts/application.html.erb
  Rendering images/index.html.erb within layouts/application
  Rendered images/index.html.erb within layouts/application (Duration: 0.2ms | Allocations: 23)
  Rendered layout layouts/application.html.erb (Duration: 41.1ms | Allocations: 22309)
Completed 500 Internal Server Error in 54ms (Allocations: 25880)


  
ActionView::Template::Error (undefined method `to' for #<ActionView::Base:0x0000000001e820>
Did you mean?  t):
    25:         </div>
    26:         <div id="navbar" class="collapse navbar-collapse">
    27:           <ul class="nav navbar-nav">
    28:             <li><%= link to "Home", root_path %></li>
    29:             <% @categoryNav.each do |category| %>
    30:               <li><% link_to category.name, category_path(category.id) %> </li>
    31:             <% end %>
  
app/views/layouts/application.html.erb:28
Started GET "/" for 127.0.0.1 at 2022-02-14 20:37:22 +0200
Processing by ImagesController#index as HTML
  Rendering layout layouts/application.html.erb
  Rendering images/index.html.erb within layouts/application
  Rendered images/index.html.erb within layouts/application (Duration: 2.0ms | Allocations: 677)
  Rendered layout layouts/application.html.erb (Duration: 19.6ms | Allocations: 8876)
Completed 500 Internal Server Error in 24ms (Allocations: 10016)


  
ActionView::Template::Error (undefined method `each' for nil:NilClass):
    26:         <div id="navbar" class="collapse navbar-collapse">
    27:           <ul class="nav navbar-nav">
    28:             <li><%= link_to "Home", root_path %></li>
    29:             <% @categoryNav.each do |category| %>
    30:               <li><% link_to category.name, category_path(category.id) %> </li>
    31:             <% end %>
    32:           </ul>
  
app/views/layouts/application.html.erb:29
Started GET "/" for 127.0.0.1 at 2022-02-14 20:38:03 +0200
Processing by ImagesController#index as HTML
  Rendering layout layouts/application.html.erb
  Rendering images/index.html.erb within layouts/application
  Rendered images/index.html.erb within layouts/application (Duration: 0.1ms | Allocations: 23)
  [1m[35m (0.3ms)[0m  [1m[34mSELECT sqlite_version(*)[0m
  ↳ app/views/layouts/application.html.erb:29
  [1m[36mCategory Load (0.2ms)[0m  [1m[34mSELECT "categories".* FROM "categories"[0m
  ↳ app/views/layouts/application.html.erb:29
  Rendered layout layouts/application.html.erb (Duration: 46.4ms | Allocations: 23338)
Completed 200 OK in 54ms (Views: 48.0ms | ActiveRecord: 1.5ms | Allocations: 25954)


Started GET "/img/img1.jpeg" for 127.0.0.1 at 2022-02-14 20:38:03 +0200
  
ActionController::RoutingError (No route matches [GET] "/img/img1.jpeg"):
  
Started GET "/img/img3.jpeg" for 127.0.0.1 at 2022-02-14 20:38:03 +0200
Started GET "/img/img2.jpeg" for 127.0.0.1 at 2022-02-14 20:38:03 +0200
  
ActionController::RoutingError (No route matches [GET] "/img/img3.jpeg"):
  
Started GET "/img/img4.jpeg" for 127.0.0.1 at 2022-02-14 20:38:03 +0200
  
ActionController::RoutingError (No route matches [GET] "/img/img2.jpeg"):
  
  
ActionController::RoutingError (No route matches [GET] "/img/img4.jpeg"):
  
  [1m[36mCategory Load (0.1ms)[0m  [1m[34mSELECT "categories".* FROM "categories"[0m
Started GET "/" for 127.0.0.1 at 2022-02-14 20:40:25 +0200
Processing by ImagesController#index as HTML
  Rendering layout layouts/application.html.erb
  Rendering images/index.html.erb within layouts/application
  Rendered images/index.html.erb within layouts/application (Duration: 0.9ms | Allocations: 676)
  [1m[35m (0.1ms)[0m  [1m[34mSELECT sqlite_version(*)[0m
  ↳ app/views/layouts/application.html.erb:28
  [1m[36mCategory Load (0.2ms)[0m  [1m[34mSELECT "categories".* FROM "categories"[0m
  ↳ app/views/layouts/application.html.erb:28
  Rendered layout layouts/application.html.erb (Duration: 43.7ms | Allocations: 21775)
Completed 200 OK in 52ms (Views: 45.9ms | ActiveRecord: 1.1ms | Allocations: 24712)


Started GET "/img/img1.jpeg" for 127.0.0.1 at 2022-02-14 20:40:25 +0200
  
ActionController::RoutingError (No route matches [GET] "/img/img1.jpeg"):
  
Started GET "/img/img2.jpeg" for 127.0.0.1 at 2022-02-14 20:40:25 +0200
Started GET "/img/img3.jpeg" for 127.0.0.1 at 2022-02-14 20:40:25 +0200
Started GET "/img/img4.jpeg" for 127.0.0.1 at 2022-02-14 20:40:25 +0200
  
ActionController::RoutingError (No route matches [GET] "/img/img4.jpeg"):
  
  
ActionController::RoutingError (No route matches [GET] "/img/img2.jpeg"):
  
  
ActionController::RoutingError (No route matches [GET] "/img/img3.jpeg"):
  
Started GET "/" for 127.0.0.1 at 2022-02-14 20:42:50 +0200
Processing by ImagesController#index as HTML
  Rendering layout layouts/application.html.erb
  Rendering images/index.html.erb within layouts/application
  Rendered images/index.html.erb within layouts/application (Duration: 0.9ms | Allocations: 676)
  [1m[36mCategory Load (0.1ms)[0m  [1m[34mSELECT "categories".* FROM "categories"[0m
  ↳ app/views/layouts/application.html.erb:28
  Rendered layout layouts/application.html.erb (Duration: 16.5ms | Allocations: 8206)
Completed 200 OK in 21ms (Views: 19.2ms | ActiveRecord: 0.1ms | Allocations: 9380)


Started GET "/img/img1.jpeg" for 127.0.0.1 at 2022-02-14 20:42:51 +0200
Started GET "/img/img2.jpeg" for 127.0.0.1 at 2022-02-14 20:42:51 +0200
Started GET "/img/img3.jpeg" for 127.0.0.1 at 2022-02-14 20:42:51 +0200
Started GET "/img/img4.jpeg" for 127.0.0.1 at 2022-02-14 20:42:51 +0200
  
ActionController::RoutingError (No route matches [GET] "/img/img1.jpeg"):
  
  
ActionController::RoutingError (No route matches [GET] "/img/img4.jpeg"):
  
  
ActionController::RoutingError (No route matches [GET] "/img/img3.jpeg"):
  
  
ActionController::RoutingError (No route matches [GET] "/img/img2.jpeg"):
  
  [1m[36mTRANSACTION (0.1ms)[0m  [1m[36mbegin transaction[0m
  [1m[36mCategory Create (0.5ms)[0m  [1m[32mINSERT INTO "categories" ("name", "created_at", "updated_at") VALUES (?, ?, ?)[0m  [["name", "Category Three"], ["created_at", "2022-02-14 18:46:40.168274"], ["updated_at", "2022-02-14 18:46:40.168274"]]
  [1m[36mTRANSACTION (1.6ms)[0m  [1m[36mcommit transaction[0m
Started GET "/" for 127.0.0.1 at 2022-02-14 20:46:43 +0200
Processing by ImagesController#index as HTML
  Rendering layout layouts/application.html.erb
  Rendering images/index.html.erb within layouts/application
  Rendered images/index.html.erb within layouts/application (Duration: 0.1ms | Allocations: 15)
  [1m[36mCategory Load (0.1ms)[0m  [1m[34mSELECT "categories".* FROM "categories"[0m
  ↳ app/views/layouts/application.html.erb:28
  Rendered layout layouts/application.html.erb (Duration: 15.4ms | Allocations: 6866)
Completed 200 OK in 17ms (Views: 15.8ms | ActiveRecord: 0.1ms | Allocations: 7227)


Started GET "/img/img1.jpeg" for 127.0.0.1 at 2022-02-14 20:46:43 +0200
Started GET "/img/img2.jpeg" for 127.0.0.1 at 2022-02-14 20:46:43 +0200
  
ActionController::RoutingError (No route matches [GET] "/img/img2.jpeg"):
  
Started GET "/img/img3.jpeg" for 127.0.0.1 at 2022-02-14 20:46:43 +0200
  
ActionController::RoutingError (No route matches [GET] "/img/img1.jpeg"):
  
Started GET "/img/img4.jpeg" for 127.0.0.1 at 2022-02-14 20:46:43 +0200
  
ActionController::RoutingError (No route matches [GET] "/img/img3.jpeg"):
  
  
ActionController::RoutingError (No route matches [GET] "/img/img4.jpeg"):
  
Started GET "/" for 127.0.0.1 at 2022-02-14 20:53:03 +0200
Processing by ImagesController#index as HTML
  Rendering layout layouts/application.html.erb
  Rendering images/index.html.erb within layouts/application
  Rendered images/index.html.erb within layouts/application (Duration: 1.4ms | Allocations: 679)
  [1m[35m (0.1ms)[0m  [1m[34mSELECT sqlite_version(*)[0m
  ↳ app/views/layouts/application.html.erb:28
  [1m[36mCategory Load (0.3ms)[0m  [1m[34mSELECT "categories".* FROM "categories"[0m
  ↳ app/views/layouts/application.html.erb:28
  Rendered layout layouts/application.html.erb (Duration: 17.1ms | Allocations: 9136)
Completed 200 OK in 21ms (Views: 19.6ms | ActiveRecord: 0.6ms | Allocations: 10288)


Started GET "/img/img1.jpeg" for 127.0.0.1 at 2022-02-14 20:53:03 +0200
Started GET "/img/img2.jpeg" for 127.0.0.1 at 2022-02-14 20:53:03 +0200
Started GET "/img/img3.jpeg" for 127.0.0.1 at 2022-02-14 20:53:03 +0200
  
ActionController::RoutingError (No route matches [GET] "/img/img2.jpeg"):
  
Started GET "/img/img4.jpeg" for 127.0.0.1 at 2022-02-14 20:53:03 +0200
  
ActionController::RoutingError (No route matches [GET] "/img/img4.jpeg"):
  
  
ActionController::RoutingError (No route matches [GET] "/img/img1.jpeg"):
  
  
ActionController::RoutingError (No route matches [GET] "/img/img3.jpeg"):
  
Started GET "/" for 127.0.0.1 at 2022-02-14 20:59:03 +0200
Processing by ImagesController#index as HTML
  Rendering layout layouts/application.html.erb
  Rendering images/index.html.erb within layouts/application
  Rendered images/index.html.erb within layouts/application (Duration: 1.4ms | Allocations: 676)
  Rendered layout layouts/application.html.erb (Duration: 337.5ms | Allocations: 21936)
Completed 500 Internal Server Error in 341ms (Allocations: 23080)


  
ActionView::Template::Error (Error: property "margin-top" must be followed by a ':'
        on line 26:2 of app/assets/stylesheets/main.css.scss
        from line 18:9 of app/assets/stylesheets/application.css.scss
>> 	margin-top 3px;

   -^
):
     5:     <meta name="viewport" content="width=device-width,initial-scale=1">
     6:     <%= csrf_meta_tags %>
     7:     <%= csp_meta_tag %>
     8:     <%= stylesheet_link_tag "application", "data-turbo-track": "reload" %>
     9:     <%= javascript_importmap_tags %>
    10:   </head>
    11: 
  
app/assets/stylesheets/main.css.scss:26
app/views/layouts/application.html.erb:8
Started GET "/" for 127.0.0.1 at 2022-02-14 20:59:28 +0200
Processing by ImagesController#index as HTML
  Rendering layout layouts/application.html.erb
  Rendering images/index.html.erb within layouts/application
  Rendered images/index.html.erb within layouts/application (Duration: 0.1ms | Allocations: 15)
  [1m[35m (0.1ms)[0m  [1m[34mSELECT sqlite_version(*)[0m
  ↳ app/views/layouts/application.html.erb:28
  [1m[36mCategory Load (0.2ms)[0m  [1m[34mSELECT "categories".* FROM "categories"[0m
  ↳ app/views/layouts/application.html.erb:28
  Rendered layout layouts/application.html.erb (Duration: 2762.9ms | Allocations: 53034)
Completed 200 OK in 2764ms (Views: 2763.6ms | ActiveRecord: 0.6ms | Allocations: 53400)


Started GET "/img/img1.jpeg" for 127.0.0.1 at 2022-02-14 20:59:31 +0200
Started GET "/img/img2.jpeg" for 127.0.0.1 at 2022-02-14 20:59:31 +0200
  
ActionController::RoutingError (No route matches [GET] "/img/img1.jpeg"):
  
  
ActionController::RoutingError (No route matches [GET] "/img/img2.jpeg"):
  
Started GET "/img/img3.jpeg" for 127.0.0.1 at 2022-02-14 20:59:31 +0200
Started GET "/img/img4.jpeg" for 127.0.0.1 at 2022-02-14 20:59:31 +0200
  
ActionController::RoutingError (No route matches [GET] "/img/img3.jpeg"):
  
  
ActionController::RoutingError (No route matches [GET] "/img/img4.jpeg"):
  
